[0.008s] Invoking command in '/home/gaoming/Documents/autoIndy/lidar_switited/lidar_switched/build/perception_utils': /usr/bin/cmake /home/gaoming/Documents/autoIndy/lidar_switited/lidar_switched -DCMAKE_INSTALL_PREFIX=/home/gaoming/Documents/autoIndy/lidar_switited/lidar_switched/install/perception_utils
[0.018s] -- Found ament_cmake: 1.1.4 (/opt/ros/galactic/share/ament_cmake/cmake)
[0.032s] -- Using PYTHON_EXECUTABLE: /usr/bin/python3
[0.124s] Traceback (most recent call last):
[0.124s]   File "/opt/ros/galactic/share/ament_cmake_core/cmake/package_templates/templates_2_cmake.py", line 21, in <module>
[0.124s]     from ament_package.templates import get_environment_hook_template_path
[0.124s] ModuleNotFoundError: No module named 'ament_package'
[0.140s] CMake Error at /opt/ros/galactic/share/ament_cmake_core/cmake/ament_cmake_package_templates-extras.cmake:41 (message):
[0.140s]   execute_process(/usr/bin/python3
[0.140s]   /opt/ros/galactic/share/ament_cmake_core/cmake/package_templates/templates_2_cmake.py
[0.140s]   /home/gaoming/Documents/autoIndy/lidar_switited/lidar_switched/build/perception_utils/ament_cmake_package_templates/templates.cmake)
[0.140s]   returned error code 1
[0.140s] Call Stack (most recent call first):
[0.140s]   /opt/ros/galactic/share/ament_cmake_core/cmake/ament_cmake_coreConfig.cmake:41 (include)
[0.140s]   /opt/ros/galactic/share/ament_cmake/cmake/ament_cmake_export_dependencies-extras.cmake:15 (find_package)
[0.140s]   /opt/ros/galactic/share/ament_cmake/cmake/ament_cmakeConfig.cmake:41 (include)
[0.140s]   CMakeLists.txt:9 (find_package)
[0.140s] 
[0.140s] 
[0.140s] -- Configuring incomplete, errors occurred!
[0.141s] See also "/home/gaoming/Documents/autoIndy/lidar_switited/lidar_switched/build/perception_utils/CMakeFiles/CMakeOutput.log".
[0.141s] See also "/home/gaoming/Documents/autoIndy/lidar_switited/lidar_switched/build/perception_utils/CMakeFiles/CMakeError.log".
[0.142s] Invoked command in '/home/gaoming/Documents/autoIndy/lidar_switited/lidar_switched/build/perception_utils' returned '1': /usr/bin/cmake /home/gaoming/Documents/autoIndy/lidar_switited/lidar_switched -DCMAKE_INSTALL_PREFIX=/home/gaoming/Documents/autoIndy/lidar_switited/lidar_switched/install/perception_utils
