-- The C compiler identification is GNU 7.5.0
-- The CXX compiler identification is GNU 7.5.0
-- Check for working C compiler: /usr/bin/cc
-- Check for working C compiler: /usr/bin/cc -- works
-- Detecting C compiler ABI info
-- Detecting C compiler ABI info - done
-- Detecting C compile features
-- Detecting C compile features - done
-- Check for working CXX compiler: /usr/bin/c++
-- Check for working CXX compiler: /usr/bin/c++ -- works
-- Detecting CXX compiler ABI info
-- Detecting CXX compiler ABI info - done
-- Detecting CXX compile features
-- Detecting CXX compile features - done
-- Found ament_cmake: 1.1.4 (/opt/ros/galactic/share/ament_cmake/cmake)
-- Found PythonInterp: /usr/bin/python3 (found suitable version "3.8.10", minimum required is "3") 
-- Using PYTHON_EXECUTABLE: /usr/bin/python3
-- Found rclcpp: 9.2.0 (/opt/ros/galactic/share/rclcpp/cmake)
-- Using all available rosidl_typesupport_c: rosidl_typesupport_fastrtps_c;rosidl_typesupport_introspection_c
-- Found rosidl_adapter: 2.2.1 (/opt/ros/galactic/share/rosidl_adapter/cmake)
-- Found OpenSSL: /usr/lib/x86_64-linux-gnu/libcrypto.so (found version "1.1.1f")  
-- Found FastRTPS: /opt/ros/galactic/include  
-- Using all available rosidl_typesupport_cpp: rosidl_typesupport_fastrtps_cpp;rosidl_typesupport_introspection_cpp
-- Found rmw_implementation_cmake: 3.3.1 (/opt/ros/galactic/share/rmw_implementation_cmake/cmake)
-- Found rmw_cyclonedds_cpp: 0.22.3 (/opt/ros/galactic/share/rmw_cyclonedds_cpp/cmake)
-- Using RMW implementation 'rmw_cyclonedds_cpp' as default
-- Looking for pthread.h
-- Looking for pthread.h - found
-- Performing Test CMAKE_HAVE_LIBC_PTHREAD
-- Performing Test CMAKE_HAVE_LIBC_PTHREAD - Failed
-- Looking for pthread_create in pthreads
-- Looking for pthread_create in pthreads - not found
-- Looking for pthread_create in pthread
-- Looking for pthread_create in pthread - found
-- Found Threads: TRUE  
-- Found sensor_msgs: 2.2.3 (/opt/ros/galactic/share/sensor_msgs/cmake)
-- Found message_filters: 3.2.6 (/opt/ros/galactic/share/message_filters/cmake)
-- Found eigen3_cmake_module: 0.1.1 (/opt/ros/galactic/share/eigen3_cmake_module/cmake)
-- Found Eigen3: TRUE (found version "3.3.7") 
-- Found ament_lint_auto: 0.10.6 (/opt/ros/galactic/share/ament_lint_auto/cmake)
-- Added test 'copyright' to check source files copyright and LICENSE
-- Added test 'cppcheck' to perform static code analysis on C / C++ code
-- Configured cppcheck include dirs: 
-- Configured cppcheck exclude dirs and/or files: 
-- Added test 'cpplint' to check C / C++ code against the Google style
-- Configured cpplint exclude dirs and/or files: 
-- Added test 'flake8' to check Python code syntax and style conventions
-- Added test 'lint_cmake' to check CMake code style
-- Added test 'pep257' to check Python code against some of the style conventions in PEP 257
-- Added test 'uncrustify' to check C / C++ code style
-- Configured uncrustify additional arguments: 
-- Added test 'xmllint' to check XML markup files
-- Configuring done
-- Generating done
-- Build files have been written to: /home/gaoming/Documents/autoIndy/lidar_switted/lidar_switched/build/lidar_switched
[35m[1mScanning dependencies of target lidar_switched[0m
[ 50%] [32mBuilding CXX object CMakeFiles/lidar_switched.dir/src/lidar_swithed.cpp.o[0m
[01m[K/home/gaoming/Documents/autoIndy/lidar_switted/lidar_switched/src/lidar_swithed.cpp:130:52:[m[K [01;35m[Kwarning: [m[KISO C++ forbids use of ‘[01m[Kauto[m[K’ in parameter declaration [[01;35m[K-Wpedantic[m[K]
         void publishXYZI(Eigen::MatrixXd& combined,[01;35m[Kauto[m[K stamp)
                                                    [01;35m[K^~~~[m[K
[100%] [32m[1mLinking CXX executable lidar_switched[0m
[100%] Built target lidar_switched
-- Install configuration: ""
-- Installing: /home/gaoming/Documents/autoIndy/lidar_switted/lidar_switched/install/lidar_switched/lib/lidar_switched/lidar_switched
-- Set runtime path of "/home/gaoming/Documents/autoIndy/lidar_switted/lidar_switched/install/lidar_switched/lib/lidar_switched/lidar_switched" to ""
-- Installing: /home/gaoming/Documents/autoIndy/lidar_switted/lidar_switched/install/lidar_switched/share/ament_index/resource_index/package_run_dependencies/lidar_switched
-- Installing: /home/gaoming/Documents/autoIndy/lidar_switted/lidar_switched/install/lidar_switched/share/ament_index/resource_index/parent_prefix_path/lidar_switched
-- Installing: /home/gaoming/Documents/autoIndy/lidar_switted/lidar_switched/install/lidar_switched/share/lidar_switched/environment/ament_prefix_path.sh
-- Installing: /home/gaoming/Documents/autoIndy/lidar_switted/lidar_switched/install/lidar_switched/share/lidar_switched/environment/ament_prefix_path.dsv
-- Installing: /home/gaoming/Documents/autoIndy/lidar_switted/lidar_switched/install/lidar_switched/share/lidar_switched/environment/path.sh
-- Installing: /home/gaoming/Documents/autoIndy/lidar_switted/lidar_switched/install/lidar_switched/share/lidar_switched/environment/path.dsv
-- Installing: /home/gaoming/Documents/autoIndy/lidar_switted/lidar_switched/install/lidar_switched/share/lidar_switched/local_setup.bash
-- Installing: /home/gaoming/Documents/autoIndy/lidar_switted/lidar_switched/install/lidar_switched/share/lidar_switched/local_setup.sh
-- Installing: /home/gaoming/Documents/autoIndy/lidar_switted/lidar_switched/install/lidar_switched/share/lidar_switched/local_setup.zsh
-- Installing: /home/gaoming/Documents/autoIndy/lidar_switted/lidar_switched/install/lidar_switched/share/lidar_switched/local_setup.dsv
-- Installing: /home/gaoming/Documents/autoIndy/lidar_switted/lidar_switched/install/lidar_switched/share/lidar_switched/package.dsv
-- Installing: /home/gaoming/Documents/autoIndy/lidar_switted/lidar_switched/install/lidar_switched/share/ament_index/resource_index/packages/lidar_switched
-- Installing: /home/gaoming/Documents/autoIndy/lidar_switted/lidar_switched/install/lidar_switched/share/lidar_switched/cmake/lidar_switchedConfig.cmake
-- Installing: /home/gaoming/Documents/autoIndy/lidar_switted/lidar_switched/install/lidar_switched/share/lidar_switched/cmake/lidar_switchedConfig-version.cmake
-- Installing: /home/gaoming/Documents/autoIndy/lidar_switted/lidar_switched/install/lidar_switched/share/lidar_switched/package.xml
