[0.009s] Invoking command in '/home/gaoming/Documents/autoIndy/lidar_switted/lidar_switched/build/lidar_switched': CMAKE_PREFIX_PATH=${CMAKE_PREFIX_PATH}:/opt/ros/galactic /usr/bin/cmake /home/gaoming/Documents/autoIndy/lidar_switted/lidar_switched -DCMAKE_INSTALL_PREFIX=/home/gaoming/Documents/autoIndy/lidar_switted/lidar_switched/install/lidar_switched
[0.102s] -- The C compiler identification is GNU 7.5.0
[0.159s] -- The CXX compiler identification is GNU 7.5.0
[0.163s] -- Check for working C compiler: /usr/bin/cc
[0.216s] -- Check for working C compiler: /usr/bin/cc -- works
[0.217s] -- Detecting C compiler ABI info
[0.266s] -- Detecting C compiler ABI info - done
[0.274s] -- Detecting C compile features
[0.274s] -- Detecting C compile features - done
[0.276s] -- Check for working CXX compiler: /usr/bin/c++
[0.335s] -- Check for working CXX compiler: /usr/bin/c++ -- works
[0.336s] -- Detecting CXX compiler ABI info
[0.394s] -- Detecting CXX compiler ABI info - done
[0.402s] -- Detecting CXX compile features
[0.402s] -- Detecting CXX compile features - done
[0.405s] -- Found ament_cmake: 1.1.4 (/opt/ros/galactic/share/ament_cmake/cmake)
[0.426s] -- Found PythonInterp: /usr/bin/python3 (found suitable version "3.8.10", minimum required is "3") 
[0.426s] -- Using PYTHON_EXECUTABLE: /usr/bin/python3
[0.487s] -- Found rclcpp: 9.2.0 (/opt/ros/galactic/share/rclcpp/cmake)
[0.525s] -- Using all available rosidl_typesupport_c: rosidl_typesupport_fastrtps_c;rosidl_typesupport_introspection_c
[0.531s] -- Found rosidl_adapter: 2.2.1 (/opt/ros/galactic/share/rosidl_adapter/cmake)
[0.588s] -- Found OpenSSL: /usr/lib/x86_64-linux-gnu/libcrypto.so (found version "1.1.1f")  
[0.609s] -- Found FastRTPS: /opt/ros/galactic/include  
[0.666s] -- Using all available rosidl_typesupport_cpp: rosidl_typesupport_fastrtps_cpp;rosidl_typesupport_introspection_cpp
[0.710s] -- Found rmw_implementation_cmake: 3.3.1 (/opt/ros/galactic/share/rmw_implementation_cmake/cmake)
[0.713s] -- Found rmw_cyclonedds_cpp: 0.22.3 (/opt/ros/galactic/share/rmw_cyclonedds_cpp/cmake)
[0.728s] -- Using RMW implementation 'rmw_cyclonedds_cpp' as default
[0.729s] -- Looking for pthread.h
[0.787s] -- Looking for pthread.h - found
[0.788s] -- Performing Test CMAKE_HAVE_LIBC_PTHREAD
[0.841s] -- Performing Test CMAKE_HAVE_LIBC_PTHREAD - Failed
[0.841s] -- Looking for pthread_create in pthreads
[0.885s] -- Looking for pthread_create in pthreads - not found
[0.885s] -- Looking for pthread_create in pthread
[0.938s] -- Looking for pthread_create in pthread - found
[0.938s] -- Found Threads: TRUE  
[1.041s] -- Found sensor_msgs: 2.2.3 (/opt/ros/galactic/share/sensor_msgs/cmake)
[1.121s] -- Found message_filters: 3.2.6 (/opt/ros/galactic/share/message_filters/cmake)
[1.128s] -- Found eigen3_cmake_module: 0.1.1 (/opt/ros/galactic/share/eigen3_cmake_module/cmake)
[1.130s] -- Found Eigen3: TRUE (found version "3.3.7") 
[1.131s] -- Found ament_lint_auto: 0.10.6 (/opt/ros/galactic/share/ament_lint_auto/cmake)
[1.188s] -- Added test 'copyright' to check source files copyright and LICENSE
[1.192s] -- Added test 'cppcheck' to perform static code analysis on C / C++ code
[1.192s] -- Configured cppcheck include dirs: 
[1.192s] -- Configured cppcheck exclude dirs and/or files: 
[1.196s] -- Added test 'cpplint' to check C / C++ code against the Google style
[1.196s] -- Configured cpplint exclude dirs and/or files: 
[1.196s] -- Added test 'flake8' to check Python code syntax and style conventions
[1.198s] -- Added test 'lint_cmake' to check CMake code style
[1.198s] -- Added test 'pep257' to check Python code against some of the style conventions in PEP 257
[1.202s] -- Added test 'uncrustify' to check C / C++ code style
[1.202s] -- Configured uncrustify additional arguments: 
[1.203s] -- Added test 'xmllint' to check XML markup files
[1.206s] -- Configuring done
[1.211s] -- Generating done
[1.212s] -- Build files have been written to: /home/gaoming/Documents/autoIndy/lidar_switted/lidar_switched/build/lidar_switched
[1.219s] Invoked command in '/home/gaoming/Documents/autoIndy/lidar_switted/lidar_switched/build/lidar_switched' returned '0': CMAKE_PREFIX_PATH=${CMAKE_PREFIX_PATH}:/opt/ros/galactic /usr/bin/cmake /home/gaoming/Documents/autoIndy/lidar_switted/lidar_switched -DCMAKE_INSTALL_PREFIX=/home/gaoming/Documents/autoIndy/lidar_switted/lidar_switched/install/lidar_switched
[1.221s] Invoking command in '/home/gaoming/Documents/autoIndy/lidar_switted/lidar_switched/build/lidar_switched': CMAKE_PREFIX_PATH=${CMAKE_PREFIX_PATH}:/opt/ros/galactic /usr/bin/cmake --build /home/gaoming/Documents/autoIndy/lidar_switted/lidar_switched/build/lidar_switched -- -j8 -l8
[1.253s] [35m[1mScanning dependencies of target lidar_switched[0m
[1.289s] [ 50%] [32mBuilding CXX object CMakeFiles/lidar_switched.dir/src/lidar_swithed.cpp.o[0m
[2.796s] [01m[K/home/gaoming/Documents/autoIndy/lidar_switted/lidar_switched/src/lidar_swithed.cpp:130:52:[m[K [01;35m[Kwarning: [m[KISO C++ forbids use of ‘[01m[Kauto[m[K’ in parameter declaration [[01;35m[K-Wpedantic[m[K]
[2.796s]          void publishXYZI(Eigen::MatrixXd& combined,[01;35m[Kauto[m[K stamp)
[2.796s]                                                     [01;35m[K^~~~[m[K
[8.231s] [100%] [32m[1mLinking CXX executable lidar_switched[0m
[8.510s] [100%] Built target lidar_switched
[8.519s] Invoked command in '/home/gaoming/Documents/autoIndy/lidar_switted/lidar_switched/build/lidar_switched' returned '0': CMAKE_PREFIX_PATH=${CMAKE_PREFIX_PATH}:/opt/ros/galactic /usr/bin/cmake --build /home/gaoming/Documents/autoIndy/lidar_switted/lidar_switched/build/lidar_switched -- -j8 -l8
[8.547s] Invoking command in '/home/gaoming/Documents/autoIndy/lidar_switted/lidar_switched/build/lidar_switched': CMAKE_PREFIX_PATH=${CMAKE_PREFIX_PATH}:/opt/ros/galactic /usr/bin/cmake --install /home/gaoming/Documents/autoIndy/lidar_switted/lidar_switched/build/lidar_switched
[8.554s] -- Install configuration: ""
[8.554s] -- Installing: /home/gaoming/Documents/autoIndy/lidar_switted/lidar_switched/install/lidar_switched/lib/lidar_switched/lidar_switched
[8.556s] -- Set runtime path of "/home/gaoming/Documents/autoIndy/lidar_switted/lidar_switched/install/lidar_switched/lib/lidar_switched/lidar_switched" to ""
[8.556s] -- Installing: /home/gaoming/Documents/autoIndy/lidar_switted/lidar_switched/install/lidar_switched/share/ament_index/resource_index/package_run_dependencies/lidar_switched
[8.556s] -- Installing: /home/gaoming/Documents/autoIndy/lidar_switted/lidar_switched/install/lidar_switched/share/ament_index/resource_index/parent_prefix_path/lidar_switched
[8.556s] -- Installing: /home/gaoming/Documents/autoIndy/lidar_switted/lidar_switched/install/lidar_switched/share/lidar_switched/environment/ament_prefix_path.sh
[8.556s] -- Installing: /home/gaoming/Documents/autoIndy/lidar_switted/lidar_switched/install/lidar_switched/share/lidar_switched/environment/ament_prefix_path.dsv
[8.556s] -- Installing: /home/gaoming/Documents/autoIndy/lidar_switted/lidar_switched/install/lidar_switched/share/lidar_switched/environment/path.sh
[8.556s] -- Installing: /home/gaoming/Documents/autoIndy/lidar_switted/lidar_switched/install/lidar_switched/share/lidar_switched/environment/path.dsv
[8.557s] -- Installing: /home/gaoming/Documents/autoIndy/lidar_switted/lidar_switched/install/lidar_switched/share/lidar_switched/local_setup.bash
[8.557s] -- Installing: /home/gaoming/Documents/autoIndy/lidar_switted/lidar_switched/install/lidar_switched/share/lidar_switched/local_setup.sh
[8.557s] -- Installing: /home/gaoming/Documents/autoIndy/lidar_switted/lidar_switched/install/lidar_switched/share/lidar_switched/local_setup.zsh
[8.557s] -- Installing: /home/gaoming/Documents/autoIndy/lidar_switted/lidar_switched/install/lidar_switched/share/lidar_switched/local_setup.dsv
[8.557s] -- Installing: /home/gaoming/Documents/autoIndy/lidar_switted/lidar_switched/install/lidar_switched/share/lidar_switched/package.dsv
[8.557s] -- Installing: /home/gaoming/Documents/autoIndy/lidar_switted/lidar_switched/install/lidar_switched/share/ament_index/resource_index/packages/lidar_switched
[8.557s] -- Installing: /home/gaoming/Documents/autoIndy/lidar_switted/lidar_switched/install/lidar_switched/share/lidar_switched/cmake/lidar_switchedConfig.cmake
[8.557s] -- Installing: /home/gaoming/Documents/autoIndy/lidar_switted/lidar_switched/install/lidar_switched/share/lidar_switched/cmake/lidar_switchedConfig-version.cmake
[8.557s] -- Installing: /home/gaoming/Documents/autoIndy/lidar_switted/lidar_switched/install/lidar_switched/share/lidar_switched/package.xml
[8.559s] Invoked command in '/home/gaoming/Documents/autoIndy/lidar_switted/lidar_switched/build/lidar_switched' returned '0': CMAKE_PREFIX_PATH=${CMAKE_PREFIX_PATH}:/opt/ros/galactic /usr/bin/cmake --install /home/gaoming/Documents/autoIndy/lidar_switted/lidar_switched/build/lidar_switched
