[0.010s] Invoking command in '/home/gaoming/Documents/autoIndy/lidar_switted/lidar_switched/build/lidar_switched': CMAKE_PREFIX_PATH=${CMAKE_PREFIX_PATH}:/opt/ros/galactic /usr/bin/cmake --build /home/gaoming/Documents/autoIndy/lidar_switted/lidar_switched/build/lidar_switched -- -j8 -l8
[0.071s] [100%] Built target lidar_switched
[0.079s] Invoked command in '/home/gaoming/Documents/autoIndy/lidar_switted/lidar_switched/build/lidar_switched' returned '0': CMAKE_PREFIX_PATH=${CMAKE_PREFIX_PATH}:/opt/ros/galactic /usr/bin/cmake --build /home/gaoming/Documents/autoIndy/lidar_switted/lidar_switched/build/lidar_switched -- -j8 -l8
[0.106s] Invoking command in '/home/gaoming/Documents/autoIndy/lidar_switted/lidar_switched/build/lidar_switched': CMAKE_PREFIX_PATH=${CMAKE_PREFIX_PATH}:/opt/ros/galactic /usr/bin/cmake --install /home/gaoming/Documents/autoIndy/lidar_switted/lidar_switched/build/lidar_switched
[0.114s] -- Install configuration: ""
[0.114s] -- Up-to-date: /home/gaoming/Documents/autoIndy/lidar_switted/lidar_switched/install/lidar_switched/lib/lidar_switched/lidar_switched
[0.114s] -- Up-to-date: /home/gaoming/Documents/autoIndy/lidar_switted/lidar_switched/install/lidar_switched/share/ament_index/resource_index/package_run_dependencies/lidar_switched
[0.114s] -- Up-to-date: /home/gaoming/Documents/autoIndy/lidar_switted/lidar_switched/install/lidar_switched/share/ament_index/resource_index/parent_prefix_path/lidar_switched
[0.114s] -- Up-to-date: /home/gaoming/Documents/autoIndy/lidar_switted/lidar_switched/install/lidar_switched/share/lidar_switched/environment/ament_prefix_path.sh
[0.115s] -- Up-to-date: /home/gaoming/Documents/autoIndy/lidar_switted/lidar_switched/install/lidar_switched/share/lidar_switched/environment/ament_prefix_path.dsv
[0.115s] -- Up-to-date: /home/gaoming/Documents/autoIndy/lidar_switted/lidar_switched/install/lidar_switched/share/lidar_switched/environment/path.sh
[0.115s] -- Up-to-date: /home/gaoming/Documents/autoIndy/lidar_switted/lidar_switched/install/lidar_switched/share/lidar_switched/environment/path.dsv
[0.115s] -- Up-to-date: /home/gaoming/Documents/autoIndy/lidar_switted/lidar_switched/install/lidar_switched/share/lidar_switched/local_setup.bash
[0.115s] -- Up-to-date: /home/gaoming/Documents/autoIndy/lidar_switted/lidar_switched/install/lidar_switched/share/lidar_switched/local_setup.sh
[0.115s] -- Up-to-date: /home/gaoming/Documents/autoIndy/lidar_switted/lidar_switched/install/lidar_switched/share/lidar_switched/local_setup.zsh
[0.115s] -- Up-to-date: /home/gaoming/Documents/autoIndy/lidar_switted/lidar_switched/install/lidar_switched/share/lidar_switched/local_setup.dsv
[0.115s] -- Installing: /home/gaoming/Documents/autoIndy/lidar_switted/lidar_switched/install/lidar_switched/share/lidar_switched/package.dsv
[0.115s] -- Up-to-date: /home/gaoming/Documents/autoIndy/lidar_switted/lidar_switched/install/lidar_switched/share/ament_index/resource_index/packages/lidar_switched
[0.115s] -- Up-to-date: /home/gaoming/Documents/autoIndy/lidar_switted/lidar_switched/install/lidar_switched/share/lidar_switched/cmake/lidar_switchedConfig.cmake
[0.115s] -- Up-to-date: /home/gaoming/Documents/autoIndy/lidar_switted/lidar_switched/install/lidar_switched/share/lidar_switched/cmake/lidar_switchedConfig-version.cmake
[0.115s] -- Up-to-date: /home/gaoming/Documents/autoIndy/lidar_switted/lidar_switched/install/lidar_switched/share/lidar_switched/package.xml
[0.117s] Invoked command in '/home/gaoming/Documents/autoIndy/lidar_switted/lidar_switched/build/lidar_switched' returned '0': CMAKE_PREFIX_PATH=${CMAKE_PREFIX_PATH}:/opt/ros/galactic /usr/bin/cmake --install /home/gaoming/Documents/autoIndy/lidar_switted/lidar_switched/build/lidar_switched
